<?xml version="1.0" encoding="UTF-8"?>
<testsuite name="com.bridgelabz.EmployeePayrollServiceTest" tests="1" skipped="0" failures="0" errors="0" timestamp="2021-06-24T10:11:40" hostname="DELL" time="0.051">
  <properties/>
  <testcase name="givenFileOnReadingFromFileShouldMatchEmployeeCount" classname="com.bridgelabz.EmployeePayrollServiceTest" time="0.051"/>
  <system-out><![CDATA[[EmployeePayrollData{id=0, name='null', salary=0.0}, EmployeePayrollData{id=0, name='null', salary=0.0}, EmployeePayrollData{id=0, name='null', salary=0.0}]
[EmployeePayrollData{id=0, name='null', salary=0.0}, EmployeePayrollData{id=0, name='null', salary=0.0}, EmployeePayrollData{id=0, name='null', salary=0.0}]
]]></system-out>
  <system-err><![CDATA[]]></system-err>
</testsuite>
